< C:\DevBin\20230504_Program\Backup\Claes20200001
> C:\home\GitHub\StoreG\DevOld\Backup\Claes20200001
< C:\DevBin\20230504_Program\Backup\doc
T C:\home\GitHub\StoreG\DevOld\Backup\doc
< C:\DevBin\20230504_Program\Backup\out
T C:\home\GitHub\StoreG\DevOld\Backup\out
< C:\DevBin\20230504_Program\CatalogCopy\Claes20200001
> C:\home\GitHub\StoreG\DevOld\CatalogCopy\Claes20200001
< C:\DevBin\20230504_Program\CatalogCopy\doc
T C:\home\GitHub\StoreG\DevOld\CatalogCopy\doc
< C:\DevBin\20230504_Program\CatalogCopy\out
T C:\home\GitHub\StoreG\DevOld\CatalogCopy\out
< C:\DevBin\20230505_Toolkit\CollectPhotos\Claes20200001
> C:\home\GitHub\StoreG\DevOld\CollectPhotos\Claes20200001
< C:\DevBin\20230505_Toolkit\CollectPhotos\doc
T C:\home\GitHub\StoreG\DevOld\CollectPhotos\doc
< C:\DevBin\20230505_Toolkit\CollectPhotos\out
T C:\home\GitHub\StoreG\DevOld\CollectPhotos\out
< C:\DevBin\20230504_Program\Compress\Claes20200001
> C:\home\GitHub\StoreG\DevOld\Compress\Claes20200001
< C:\DevBin\20230504_Program\Compress\doc
T C:\home\GitHub\StoreG\DevOld\Compress\doc
< C:\DevBin\20230504_Program\Compress\out
T C:\home\GitHub\StoreG\DevOld\Compress\out
< C:\DevBin\20230504_Program\CopyDepth\Claes20200001
> C:\home\GitHub\StoreG\DevOld\CopyDepth\Claes20200001
< C:\DevBin\20230504_Program\CopyDepth\doc
T C:\home\GitHub\StoreG\DevOld\CopyDepth\doc
< C:\DevBin\20230504_Program\CopyDepth\out
T C:\home\GitHub\StoreG\DevOld\CopyDepth\out
< C:\DevBin\20230504_Program\CopyDevBinToDevOld\Claes20200001
> C:\home\GitHub\StoreG\DevOld\CopyDevBinToDevOld\Claes20200001
< C:\DevBin\20230504_Program\CopyDevBinToDevOld\doc
T C:\home\GitHub\StoreG\DevOld\CopyDevBinToDevOld\doc
< C:\DevBin\20230504_Program\CopyDevBinToDevOld\out
T C:\home\GitHub\StoreG\DevOld\CopyDevBinToDevOld\out
< C:\DevBin\20230504_Program\CopyDevGameGameJSToStoreP\Claes20200001
> C:\home\GitHub\StoreG\DevOld\CopyDevGameGameJSToStoreP\Claes20200001
< C:\DevBin\20230504_Program\CopyDevGameGameJSToStoreP\doc
T C:\home\GitHub\StoreG\DevOld\CopyDevGameGameJSToStoreP\doc
< C:\DevBin\20230504_Program\CopyDevGameGameJSToStoreP\out
T C:\home\GitHub\StoreG\DevOld\CopyDevGameGameJSToStoreP\out
< C:\DevBin\20230504_Program\CopyPleiadesWSToStoreP\Claes20200001
> C:\home\GitHub\StoreG\DevOld\CopyPleiadesWSToStoreP\Claes20200001
< C:\DevBin\20230504_Program\CopyPleiadesWSToStoreP\doc
T C:\home\GitHub\StoreG\DevOld\CopyPleiadesWSToStoreP\doc
< C:\DevBin\20230504_Program\CopyPleiadesWSToStoreP\out
T C:\home\GitHub\StoreG\DevOld\CopyPleiadesWSToStoreP\out
< C:\DevBin\20230504_Program\Cron\Petra20200001
> C:\home\GitHub\StoreG\DevOld\Cron\Petra20200001
< C:\DevBin\20230504_Program\Cron\doc
T C:\home\GitHub\StoreG\DevOld\Cron\doc
< C:\DevBin\20230504_Program\Cron\out
T C:\home\GitHub\StoreG\DevOld\Cron\out
< C:\DevBin\20230504_Program\Drum\Claes20200001
> C:\home\GitHub\StoreG\DevOld\Drum\Claes20200001
< C:\DevBin\20230504_Program\Drum\doc
T C:\home\GitHub\StoreG\DevOld\Drum\doc
< C:\DevBin\20230504_Program\Drum\out
T C:\home\GitHub\StoreG\DevOld\Drum\out
< C:\DevBin\20230504_Program\GameSetSourceOfResource\Claes20200001
> C:\home\GitHub\StoreG\DevOld\GameSetSourceOfResource\Claes20200001
< C:\DevBin\20230504_Program\GameSetSourceOfResource\doc
T C:\home\GitHub\StoreG\DevOld\GameSetSourceOfResource\doc
< C:\DevBin\20230504_Program\GameSetSourceOfResource\out
T C:\home\GitHub\StoreG\DevOld\GameSetSourceOfResource\out
< C:\DevBin\20230504_Program\GitCommit\Claes20200001
> C:\home\GitHub\StoreG\DevOld\GitCommit\Claes20200001
< C:\DevBin\20230504_Program\GitCommit\doc
T C:\home\GitHub\StoreG\DevOld\GitCommit\doc
< C:\DevBin\20230504_Program\GitCommit\out
T C:\home\GitHub\StoreG\DevOld\GitCommit\out
< C:\DevBin\20230504_Program\GitHubDownloadFilter\Claes20200001
> C:\home\GitHub\StoreG\DevOld\GitHubDownloadFilter\Claes20200001
< C:\DevBin\20230504_Program\GitHubDownloadFilter\doc
T C:\home\GitHub\StoreG\DevOld\GitHubDownloadFilter\doc
< C:\DevBin\20230504_Program\GitHubDownloadFilter\out
T C:\home\GitHub\StoreG\DevOld\GitHubDownloadFilter\out
< C:\DevBin\20230504_Program\GitHubRepositoryFilter\Claes20200001
> C:\home\GitHub\StoreG\DevOld\GitHubRepositoryFilter\Claes20200001
< C:\DevBin\20230504_Program\GitHubRepositoryFilter\doc
T C:\home\GitHub\StoreG\DevOld\GitHubRepositoryFilter\doc
< C:\DevBin\20230504_Program\GitHubRepositoryFilter\out
T C:\home\GitHub\StoreG\DevOld\GitHubRepositoryFilter\out
< C:\DevBin\20230504_Program\HTTCmd\Claes20200001
> C:\home\GitHub\StoreG\DevOld\HTTCmd\Claes20200001
< C:\DevBin\20230504_Program\HTTCmd\doc
T C:\home\GitHub\StoreG\DevOld\HTTCmd\doc
< C:\DevBin\20230504_Program\HTTCmd\out
T C:\home\GitHub\StoreG\DevOld\HTTCmd\out
< C:\DevBin\20230504_Program\HTTCmd\TestData
T C:\home\GitHub\StoreG\DevOld\HTTCmd\TestData
< C:\DevBin\20230504_Program\HTTCmdP\Claes20200001
> C:\home\GitHub\StoreG\DevOld\HTTCmdP\Claes20200001
< C:\DevBin\20230504_Program\HTTCmdP\doc
T C:\home\GitHub\StoreG\DevOld\HTTCmdP\doc
< C:\DevBin\20230504_Program\HTTCmdP\out
T C:\home\GitHub\StoreG\DevOld\HTTCmdP\out
< C:\DevBin\20230504_Program\HTTCmdP\TestData
T C:\home\GitHub\StoreG\DevOld\HTTCmdP\TestData
< C:\DevBin\20230504_Program\HTTPClient\Claes20200001
> C:\home\GitHub\StoreG\DevOld\HTTPClient\Claes20200001
< C:\DevBin\20230504_Program\HTTPClient\doc
T C:\home\GitHub\StoreG\DevOld\HTTPClient\doc
< C:\DevBin\20230504_Program\HTTPClient\out
T C:\home\GitHub\StoreG\DevOld\HTTPClient\out
< C:\DevBin\20230505_Toolkit\ListMidPtns\Claes20200001
> C:\home\GitHub\StoreG\DevOld\ListMidPtns\Claes20200001
< C:\DevBin\20230505_Toolkit\ListMidPtns\doc
T C:\home\GitHub\StoreG\DevOld\ListMidPtns\doc
< C:\DevBin\20230505_Toolkit\ListMidPtns\out
T C:\home\GitHub\StoreG\DevOld\ListMidPtns\out
< C:\DevBin\20230504_Program\MakeCryptoRand\Silvia20200001
> C:\home\GitHub\StoreG\DevOld\MakeCryptoRand\Silvia20200001
< C:\DevBin\20230504_Program\MakeCryptoRand\doc
T C:\home\GitHub\StoreG\DevOld\MakeCryptoRand\doc
< C:\DevBin\20230504_Program\MakeCryptoRand\out
T C:\home\GitHub\StoreG\DevOld\MakeCryptoRand\out
< C:\DevBin\20230504_Program\MakeID512\Silvia20200001
> C:\home\GitHub\StoreG\DevOld\MakeID512\Silvia20200001
< C:\DevBin\20230504_Program\MakeID512\doc
T C:\home\GitHub\StoreG\DevOld\MakeID512\doc
< C:\DevBin\20230504_Program\MakeID512\out
T C:\home\GitHub\StoreG\DevOld\MakeID512\out
< C:\DevBin\20230504_Program\MakePassword\Silvia20200001
> C:\home\GitHub\StoreG\DevOld\MakePassword\Silvia20200001
< C:\DevBin\20230504_Program\MakePassword\doc
T C:\home\GitHub\StoreG\DevOld\MakePassword\doc
< C:\DevBin\20230504_Program\MakePassword\out
T C:\home\GitHub\StoreG\DevOld\MakePassword\out
< C:\DevBin\20230504_Program\MakeResourceCluster\Claes20200001
> C:\home\GitHub\StoreG\DevOld\MakeResourceCluster\Claes20200001
< C:\DevBin\20230504_Program\MakeResourceCluster\doc
T C:\home\GitHub\StoreG\DevOld\MakeResourceCluster\doc
< C:\DevBin\20230504_Program\MakeResourceCluster\out
T C:\home\GitHub\StoreG\DevOld\MakeResourceCluster\out
< C:\DevBin\20230505_Toolkit\MkRunAllBat\Claes20200001
> C:\home\GitHub\StoreG\DevOld\MkRunAllBat\Claes20200001
< C:\DevBin\20230505_Toolkit\MkRunAllBat\doc
T C:\home\GitHub\StoreG\DevOld\MkRunAllBat\doc
< C:\DevBin\20230505_Toolkit\MkRunAllBat\out
T C:\home\GitHub\StoreG\DevOld\MkRunAllBat\out
< C:\DevBin\20230504_Program\MouseRenda\Petra20200001
> C:\home\GitHub\StoreG\DevOld\MouseRenda\Petra20200001
< C:\DevBin\20230504_Program\MouseRenda\doc
T C:\home\GitHub\StoreG\DevOld\MouseRenda\doc
< C:\DevBin\20230504_Program\MouseRenda\out
T C:\home\GitHub\StoreG\DevOld\MouseRenda\out
< C:\DevBin\20230505_Toolkit\MoveMidPtns\Claes20200001
> C:\home\GitHub\StoreG\DevOld\MoveMidPtns\Claes20200001
< C:\DevBin\20230505_Toolkit\MoveMidPtns\doc
T C:\home\GitHub\StoreG\DevOld\MoveMidPtns\doc
< C:\DevBin\20230505_Toolkit\MoveMidPtns\out
T C:\home\GitHub\StoreG\DevOld\MoveMidPtns\out
< C:\DevBin\20230505_Toolkit\OrderStamp\Claes20200001
> C:\home\GitHub\StoreG\DevOld\OrderStamp\Claes20200001
< C:\DevBin\20230505_Toolkit\OrderStamp\doc
T C:\home\GitHub\StoreG\DevOld\OrderStamp\doc
< C:\DevBin\20230505_Toolkit\OrderStamp\out
T C:\home\GitHub\StoreG\DevOld\OrderStamp\out
< C:\DevBin\20230504_Program\RemoteCmdServer\Claes20200001
> C:\home\GitHub\StoreG\DevOld\RemoteCmdServer\Claes20200001
< C:\DevBin\20230504_Program\RemoteCmdServer\doc
T C:\home\GitHub\StoreG\DevOld\RemoteCmdServer\doc
< C:\DevBin\20230504_Program\RemoteCmdServer\out
T C:\home\GitHub\StoreG\DevOld\RemoteCmdServer\out
< C:\DevBin\20230504_Program\RemoteCmdServer\TestData
T C:\home\GitHub\StoreG\DevOld\RemoteCmdServer\TestData
< C:\DevBin\20230505_Toolkit\Renumber\Claes20200001
> C:\home\GitHub\StoreG\DevOld\Renumber\Claes20200001
< C:\DevBin\20230505_Toolkit\Renumber\doc
T C:\home\GitHub\StoreG\DevOld\Renumber\doc
< C:\DevBin\20230505_Toolkit\Renumber\out
T C:\home\GitHub\StoreG\DevOld\Renumber\out
< C:\DevBin\20230504_Program\RingCipher\Claes20200001
> C:\home\GitHub\StoreG\DevOld\RingCipher\Claes20200001
< C:\DevBin\20230504_Program\RingCipher\doc
T C:\home\GitHub\StoreG\DevOld\RingCipher\doc
< C:\DevBin\20230504_Program\RingCipher\out
T C:\home\GitHub\StoreG\DevOld\RingCipher\out
< C:\DevBin\20230504_Program\SimpleCompress\Claes20200001
> C:\home\GitHub\StoreG\DevOld\SimpleCompress\Claes20200001
< C:\DevBin\20230504_Program\SimpleCompress\doc
T C:\home\GitHub\StoreG\DevOld\SimpleCompress\doc
< C:\DevBin\20230504_Program\SimpleCompress\out
T C:\home\GitHub\StoreG\DevOld\SimpleCompress\out
< C:\DevBin\20230501_Test20230424\Claes20200001
> C:\home\GitHub\StoreG\DevOld\Test20230424\Claes20200001
< C:\DevBin\20230501_Test20230424\doc
T C:\home\GitHub\StoreG\DevOld\Test20230424\doc
< C:\DevBin\20230501_Test20230424\out
T C:\home\GitHub\StoreG\DevOld\Test20230424\out
< C:\DevBin\20230499_Program\Test20230491\Claes20200001
> C:\home\GitHub\StoreG\DevOld\Test20230491\Claes20200001
< C:\DevBin\20230499_Program\Test20230491\doc
T C:\home\GitHub\StoreG\DevOld\Test20230491\doc
< C:\DevBin\20230499_Program\Test20230491\out
T C:\home\GitHub\StoreG\DevOld\Test20230491\out
< C:\DevBin\20230499_Program\Test20230492\Claes20200001
> C:\home\GitHub\StoreG\DevOld\Test20230492\Claes20200001
< C:\DevBin\20230499_Program\Test20230492\doc
T C:\home\GitHub\StoreG\DevOld\Test20230492\doc
< C:\DevBin\20230499_Program\Test20230492\out
T C:\home\GitHub\StoreG\DevOld\Test20230492\out
< C:\DevBin\20230504_Program\Wait\Petra20200001
> C:\home\GitHub\StoreG\DevOld\Wait\Petra20200001
< C:\DevBin\20230504_Program\Wait\doc
T C:\home\GitHub\StoreG\DevOld\Wait\doc
< C:\DevBin\20230504_Program\Wait\out
T C:\home\GitHub\StoreG\DevOld\Wait\out
